<?xml version="1.0" encoding="UTF-8"?>
<testsuite xmlns:xsi="http://www.w3.org/2001/XMLSchema-instance" xsi:noNamespaceSchemaLocation="https://maven.apache.org/surefire/maven-surefire-plugin/xsd/surefire-test-report.xsd" name="br.unicamp.ic.inf335.app.inf335_ativ04.ProdutoBeanTest" time="0.001" tests="3" errors="0" skipped="0" failures="0">
  <properties>
[...]
</properties>
  <testcase name="testeProdutoMaiorValor" classname="br.unicamp.ic.inf335.app.inf335_ativ04.ProdutoBeanTest" time="0"/>
  <testcase name="testeProdutoMenorValor" classname="br.unicamp.ic.inf335.app.inf335_ativ04.ProdutoBeanTest" time="0"/>
  <testcase name="testeProdutoComMesmoValor" classname="br.unicamp.ic.inf335.app.inf335_ativ04.ProdutoBeanTest" time="0"/>
</testsuite>